0 info it worked if it ends with ok
1 verbose cli [ '/usr/bin/nodejs', '/usr/bin/npm', 'run', 'dev' ]
2 info using npm@3.5.2
3 info using node@v4.2.6
4 verbose run-script [ 'predev', 'dev', 'postdev' ]
5 info lifecycle weathergen-api@1.0.0~predev: weathergen-api@1.0.0
6 silly lifecycle weathergen-api@1.0.0~predev: no script for predev, continuing
7 info lifecycle weathergen-api@1.0.0~dev: weathergen-api@1.0.0
8 verbose lifecycle weathergen-api@1.0.0~dev: unsafe-perm in lifecycle true
9 verbose lifecycle weathergen-api@1.0.0~dev: PATH: /usr/share/npm/bin/node-gyp-bin:/home/tbadams45/hrg/weathergen-api/node_modules/.bin:/home/tbadams45/.rvm/gems/ruby-2.3.1/bin:/home/tbadams45/.rvm/gems/ruby-2.3.1@global/bin:/home/tbadams45/.rvm/rubies/ruby-2.3.1/bin:/home/tbadams45/.local/share/umake/nodejs/nodejs-lang/bin:/home/tbadams45/.node_modules/bin:/home/tbadams45/bin:/home/tbadams45/.local/bin:/home/tbadams45/.local/share/umake/nodejs/nodejs-lang/bin:/home/tbadams45/.node_modules/bin:/home/tbadams45/bin:/home/tbadams45/.local/bin:/usr/local/sbin:/usr/local/bin:/usr/sbin:/usr/bin:/sbin:/bin:/usr/games:/usr/local/games:/snap/bin:/home/tbadams45/.rvm/bin:/snap/bin:/home/tbadams45/.rvm/bin:/home/tbadams45/.local/bin:/home/tbadams45/XMOS/xTIMEcomposer/Community_14.2.4/bin:/home/tbadams45/Programs/Webstorm-171.4694.29/bin:/home/tbadams45/.rvm/bin
10 verbose lifecycle weathergen-api@1.0.0~dev: CWD: /home/tbadams45/hrg/weathergen-api
11 silly lifecycle weathergen-api@1.0.0~dev: Args: [ '-c', 'DEBUG=weathergen-api:* node ./bin/www' ]
12 silly lifecycle weathergen-api@1.0.0~dev: Returned: code: 1  signal: null
13 info lifecycle weathergen-api@1.0.0~dev: Failed to exec dev script
14 verbose stack Error: weathergen-api@1.0.0 dev: `DEBUG=weathergen-api:* node ./bin/www`
14 verbose stack Exit status 1
14 verbose stack     at EventEmitter.<anonymous> (/usr/share/npm/lib/utils/lifecycle.js:232:16)
14 verbose stack     at emitTwo (events.js:87:13)
14 verbose stack     at EventEmitter.emit (events.js:172:7)
14 verbose stack     at ChildProcess.<anonymous> (/usr/share/npm/lib/utils/spawn.js:24:14)
14 verbose stack     at emitTwo (events.js:87:13)
14 verbose stack     at ChildProcess.emit (events.js:172:7)
14 verbose stack     at maybeClose (internal/child_process.js:821:16)
14 verbose stack     at Process.ChildProcess._handle.onexit (internal/child_process.js:211:5)
15 verbose pkgid weathergen-api@1.0.0
16 verbose cwd /home/tbadams45/hrg/weathergen-api
17 error Linux 4.8.0-54-generic
18 error argv "/usr/bin/nodejs" "/usr/bin/npm" "run" "dev"
19 error node v4.2.6
20 error npm  v3.5.2
21 error code ELIFECYCLE
22 error weathergen-api@1.0.0 dev: `DEBUG=weathergen-api:* node ./bin/www`
22 error Exit status 1
23 error Failed at the weathergen-api@1.0.0 dev script 'DEBUG=weathergen-api:* node ./bin/www'.
23 error Make sure you have the latest version of node.js and npm installed.
23 error If you do, this is most likely a problem with the weathergen-api package,
23 error not with npm itself.
23 error Tell the author that this fails on your system:
23 error     DEBUG=weathergen-api:* node ./bin/www
23 error You can get information on how to open an issue for this project with:
23 error     npm bugs weathergen-api
23 error Or if that isn't available, you can get their info via:
23 error     npm owner ls weathergen-api
23 error There is likely additional logging output above.
24 verbose exit [ 1, true ]
